{"/home/fawzy/Desktop/Projects/Node/application_platform/app.js": {"path":"/home/fawzy/Desktop/Projects/Node/application_platform/app.js","statementMap":{"0":{"start":{"line":1,"column":16},"end":{"line":1,"column":34}},"1":{"start":{"line":2,"column":12},"end":{"line":2,"column":21}},"2":{"start":{"line":3,"column":19},"end":{"line":3,"column":41}},"3":{"start":{"line":4,"column":15},"end":{"line":4,"column":32}},"4":{"start":{"line":5,"column":22},"end":{"line":5,"column":55}},"5":{"start":{"line":13,"column":4},"end":{"line":13,"column":23}},"6":{"start":{"line":14,"column":14},"end":{"line":14,"column":30}},"7":{"start":{"line":15,"column":13},"end":{"line":15,"column":28}},"8":{"start":{"line":16,"column":0},"end":{"line":16,"column":25}},"9":{"start":{"line":19,"column":0},"end":{"line":19,"column":16}},"10":{"start":{"line":20,"column":0},"end":{"line":20,"column":25}},"11":{"start":{"line":22,"column":0},"end":{"line":22,"column":27}},"12":{"start":{"line":23,"column":0},"end":{"line":23,"column":24}},"13":{"start":{"line":25,"column":12},"end":{"line":25,"column":31}},"14":{"start":{"line":49,"column":0},"end":{"line":49,"column":36}},"15":{"start":{"line":59,"column":0},"end":{"line":59,"column":21}}},"fnMap":{},"branchMap":{},"s":{"0":1,"1":1,"2":1,"3":1,"4":1,"5":1,"6":1,"7":1,"8":1,"9":1,"10":1,"11":1,"12":1,"13":1,"14":1,"15":1},"f":{},"b":{},"_coverageSchema":"1a1c01bbd47fc00a2c39e90264f33305004495a9","hash":"df7934c6491265ec7c68d9202926e3812723547d"}
,"/home/fawzy/Desktop/Projects/Node/application_platform/controllers/citizens.controller.js": {"path":"/home/fawzy/Desktop/Projects/Node/application_platform/controllers/citizens.controller.js","statementMap":{"0":{"start":{"line":1,"column":23},"end":{"line":1,"column":61}},"1":{"start":{"line":3,"column":0},"end":{"line":15,"column":2}},"2":{"start":{"line":4,"column":2},"end":{"line":12,"column":3}},"3":{"start":{"line":6,"column":15},"end":{"line":6,"column":54}},"4":{"start":{"line":8,"column":4},"end":{"line":8,"column":19}},"5":{"start":{"line":11,"column":4},"end":{"line":11,"column":30}}},"fnMap":{"0":{"name":"(anonymous_0)","decl":{"start":{"line":3,"column":19},"end":{"line":3,"column":20}},"loc":{"start":{"line":3,"column":39},"end":{"line":15,"column":1}},"line":3}},"branchMap":{},"s":{"0":1,"1":1,"2":1,"3":1,"4":0,"5":1},"f":{"0":1},"b":{},"_coverageSchema":"1a1c01bbd47fc00a2c39e90264f33305004495a9","hash":"0d0e87bd17f46d8c346f3ef3b3ecb1e9bb148020"}
,"/home/fawzy/Desktop/Projects/Node/application_platform/middlewares/citizenAuth.middleware.js": {"path":"/home/fawzy/Desktop/Projects/Node/application_platform/middlewares/citizenAuth.middleware.js","statementMap":{"0":{"start":{"line":1,"column":20},"end":{"line":1,"column":40}},"1":{"start":{"line":2,"column":12},"end":{"line":2,"column":35}},"2":{"start":{"line":4,"column":12},"end":{"line":23,"column":1}},"3":{"start":{"line":5,"column":2},"end":{"line":5,"column":36}},"4":{"start":{"line":6,"column":2},"end":{"line":22,"column":3}},"5":{"start":{"line":9,"column":4},"end":{"line":18,"column":7}},"6":{"start":{"line":10,"column":6},"end":{"line":13,"column":7}},"7":{"start":{"line":11,"column":8},"end":{"line":11,"column":40}},"8":{"start":{"line":12,"column":8},"end":{"line":12,"column":58}},"9":{"start":{"line":14,"column":22},"end":{"line":14,"column":34}},"10":{"start":{"line":15,"column":6},"end":{"line":15,"column":32}},"11":{"start":{"line":17,"column":6},"end":{"line":17,"column":13}},"12":{"start":{"line":20,"column":4},"end":{"line":20,"column":46}},"13":{"start":{"line":21,"column":4},"end":{"line":21,"column":18}},"14":{"start":{"line":25,"column":0},"end":{"line":25,"column":23}}},"fnMap":{"0":{"name":"(anonymous_0)","decl":{"start":{"line":4,"column":12},"end":{"line":4,"column":13}},"loc":{"start":{"line":4,"column":38},"end":{"line":23,"column":1}},"line":4},"1":{"name":"(anonymous_1)","decl":{"start":{"line":9,"column":55},"end":{"line":9,"column":56}},"loc":{"start":{"line":9,"column":70},"end":{"line":18,"column":5}},"line":9}},"branchMap":{"0":{"loc":{"start":{"line":10,"column":6},"end":{"line":13,"column":7}},"type":"if","locations":[{"start":{"line":10,"column":6},"end":{"line":13,"column":7}},{"start":{},"end":{}}],"line":10}},"s":{"0":1,"1":1,"2":1,"3":0,"4":0,"5":0,"6":0,"7":0,"8":0,"9":0,"10":0,"11":0,"12":0,"13":0,"14":1},"f":{"0":0,"1":0},"b":{"0":[0,0]},"_coverageSchema":"1a1c01bbd47fc00a2c39e90264f33305004495a9","hash":"223381b5df93e06961ce1cff98e605485cee09f5"}
,"/home/fawzy/Desktop/Projects/Node/application_platform/middlewares/validateRequestSchema.middleware.js": {"path":"/home/fawzy/Desktop/Projects/Node/application_platform/middlewares/validateRequestSchema.middleware.js","statementMap":{"0":{"start":{"line":1,"column":29},"end":{"line":1,"column":57}},"1":{"start":{"line":3,"column":30},"end":{"line":13,"column":1}},"2":{"start":{"line":4,"column":17},"end":{"line":4,"column":38}},"3":{"start":{"line":5,"column":2},"end":{"line":11,"column":3}},"4":{"start":{"line":6,"column":4},"end":{"line":8,"column":7}},"5":{"start":{"line":7,"column":6},"end":{"line":7,"column":50}},"6":{"start":{"line":10,"column":4},"end":{"line":10,"column":60}},"7":{"start":{"line":12,"column":2},"end":{"line":12,"column":9}},"8":{"start":{"line":15,"column":0},"end":{"line":15,"column":39}}},"fnMap":{"0":{"name":"(anonymous_0)","decl":{"start":{"line":3,"column":30},"end":{"line":3,"column":31}},"loc":{"start":{"line":3,"column":50},"end":{"line":13,"column":1}},"line":3},"1":{"name":"(anonymous_1)","decl":{"start":{"line":6,"column":40},"end":{"line":6,"column":41}},"loc":{"start":{"line":6,"column":51},"end":{"line":8,"column":5}},"line":6}},"branchMap":{"0":{"loc":{"start":{"line":5,"column":2},"end":{"line":11,"column":3}},"type":"if","locations":[{"start":{"line":5,"column":2},"end":{"line":11,"column":3}},{"start":{},"end":{}}],"line":5}},"s":{"0":1,"1":1,"2":2,"3":2,"4":1,"5":3,"6":1,"7":1,"8":1},"f":{"0":2,"1":3},"b":{"0":[1,1]},"_coverageSchema":"1a1c01bbd47fc00a2c39e90264f33305004495a9","hash":"3d182496421bb0c82060d2d90e0b98dfc0362f75"}
,"/home/fawzy/Desktop/Projects/Node/application_platform/models/admin.js": {"path":"/home/fawzy/Desktop/Projects/Node/application_platform/models/admin.js","statementMap":{"0":{"start":{"line":2,"column":18},"end":{"line":2,"column":38}},"1":{"start":{"line":3,"column":0},"end":{"line":27,"column":2}},"2":{"start":{"line":11,"column":6},"end":{"line":11,"column":33}},"3":{"start":{"line":14,"column":2},"end":{"line":25,"column":4}},"4":{"start":{"line":26,"column":2},"end":{"line":26,"column":15}}},"fnMap":{"0":{"name":"(anonymous_0)","decl":{"start":{"line":3,"column":17},"end":{"line":3,"column":18}},"loc":{"start":{"line":3,"column":43},"end":{"line":27,"column":1}},"line":3},"1":{"name":"(anonymous_1)","decl":{"start":{"line":10,"column":4},"end":{"line":10,"column":5}},"loc":{"start":{"line":10,"column":29},"end":{"line":12,"column":5}},"line":10}},"branchMap":{},"s":{"0":1,"1":1,"2":1,"3":1,"4":1},"f":{"0":1,"1":1},"b":{},"_coverageSchema":"1a1c01bbd47fc00a2c39e90264f33305004495a9","hash":"0ae9aba9de3d104b78f110ff8f205cd949955fe8"}
,"/home/fawzy/Desktop/Projects/Node/application_platform/models/applicant.js": {"path":"/home/fawzy/Desktop/Projects/Node/application_platform/models/applicant.js","statementMap":{"0":{"start":{"line":2,"column":18},"end":{"line":2,"column":38}},"1":{"start":{"line":3,"column":0},"end":{"line":28,"column":2}},"2":{"start":{"line":11,"column":6},"end":{"line":11,"column":40}},"3":{"start":{"line":12,"column":6},"end":{"line":12,"column":43}},"4":{"start":{"line":13,"column":6},"end":{"line":13,"column":39}},"5":{"start":{"line":16,"column":2},"end":{"line":26,"column":4}},"6":{"start":{"line":27,"column":2},"end":{"line":27,"column":19}}},"fnMap":{"0":{"name":"(anonymous_0)","decl":{"start":{"line":3,"column":17},"end":{"line":3,"column":18}},"loc":{"start":{"line":3,"column":43},"end":{"line":28,"column":1}},"line":3},"1":{"name":"(anonymous_1)","decl":{"start":{"line":10,"column":4},"end":{"line":10,"column":5}},"loc":{"start":{"line":10,"column":29},"end":{"line":14,"column":5}},"line":10}},"branchMap":{},"s":{"0":1,"1":1,"2":1,"3":1,"4":1,"5":1,"6":1},"f":{"0":1,"1":1},"b":{},"_coverageSchema":"1a1c01bbd47fc00a2c39e90264f33305004495a9","hash":"2f7b4b139ca7aa45121079dedd8ac17ff4327630"}
,"/home/fawzy/Desktop/Projects/Node/application_platform/models/challenge.js": {"path":"/home/fawzy/Desktop/Projects/Node/application_platform/models/challenge.js","statementMap":{"0":{"start":{"line":2,"column":18},"end":{"line":2,"column":38}},"1":{"start":{"line":3,"column":0},"end":{"line":29,"column":2}},"2":{"start":{"line":11,"column":6},"end":{"line":11,"column":42}},"3":{"start":{"line":14,"column":2},"end":{"line":27,"column":4}},"4":{"start":{"line":28,"column":2},"end":{"line":28,"column":19}}},"fnMap":{"0":{"name":"(anonymous_0)","decl":{"start":{"line":3,"column":17},"end":{"line":3,"column":18}},"loc":{"start":{"line":3,"column":43},"end":{"line":29,"column":1}},"line":3},"1":{"name":"(anonymous_1)","decl":{"start":{"line":10,"column":4},"end":{"line":10,"column":5}},"loc":{"start":{"line":10,"column":29},"end":{"line":12,"column":5}},"line":10}},"branchMap":{},"s":{"0":1,"1":1,"2":1,"3":1,"4":1},"f":{"0":1,"1":1},"b":{},"_coverageSchema":"1a1c01bbd47fc00a2c39e90264f33305004495a9","hash":"1f06cbd2689589c3e571c5261532ef877ad8bf51"}
,"/home/fawzy/Desktop/Projects/Node/application_platform/models/citizen.js": {"path":"/home/fawzy/Desktop/Projects/Node/application_platform/models/citizen.js","statementMap":{"0":{"start":{"line":2,"column":18},"end":{"line":2,"column":38}},"1":{"start":{"line":3,"column":0},"end":{"line":28,"column":2}},"2":{"start":{"line":11,"column":6},"end":{"line":11,"column":38}},"3":{"start":{"line":12,"column":6},"end":{"line":12,"column":35}},"4":{"start":{"line":13,"column":6},"end":{"line":13,"column":40}},"5":{"start":{"line":16,"column":2},"end":{"line":26,"column":4}},"6":{"start":{"line":27,"column":2},"end":{"line":27,"column":17}}},"fnMap":{"0":{"name":"(anonymous_0)","decl":{"start":{"line":3,"column":17},"end":{"line":3,"column":18}},"loc":{"start":{"line":3,"column":43},"end":{"line":28,"column":1}},"line":3},"1":{"name":"(anonymous_1)","decl":{"start":{"line":10,"column":4},"end":{"line":10,"column":5}},"loc":{"start":{"line":10,"column":29},"end":{"line":14,"column":5}},"line":10}},"branchMap":{},"s":{"0":1,"1":1,"2":1,"3":1,"4":1,"5":1,"6":1},"f":{"0":1,"1":1},"b":{},"_coverageSchema":"1a1c01bbd47fc00a2c39e90264f33305004495a9","hash":"b4f0e57f267b5120108a38c707b9638d0af972ab"}
,"/home/fawzy/Desktop/Projects/Node/application_platform/models/comment.js": {"path":"/home/fawzy/Desktop/Projects/Node/application_platform/models/comment.js","statementMap":{"0":{"start":{"line":2,"column":18},"end":{"line":2,"column":38}},"1":{"start":{"line":3,"column":0},"end":{"line":27,"column":2}},"2":{"start":{"line":11,"column":6},"end":{"line":11,"column":40}},"3":{"start":{"line":12,"column":6},"end":{"line":12,"column":40}},"4":{"start":{"line":15,"column":2},"end":{"line":25,"column":4}},"5":{"start":{"line":26,"column":2},"end":{"line":26,"column":17}}},"fnMap":{"0":{"name":"(anonymous_0)","decl":{"start":{"line":3,"column":17},"end":{"line":3,"column":18}},"loc":{"start":{"line":3,"column":43},"end":{"line":27,"column":1}},"line":3},"1":{"name":"(anonymous_1)","decl":{"start":{"line":10,"column":4},"end":{"line":10,"column":5}},"loc":{"start":{"line":10,"column":29},"end":{"line":13,"column":5}},"line":10}},"branchMap":{},"s":{"0":1,"1":1,"2":1,"3":1,"4":1,"5":1},"f":{"0":1,"1":1},"b":{},"_coverageSchema":"1a1c01bbd47fc00a2c39e90264f33305004495a9","hash":"d8521315dc7bcd3a84c162b5ea864d033fc77d5e"}
,"/home/fawzy/Desktop/Projects/Node/application_platform/models/evaluator.js": {"path":"/home/fawzy/Desktop/Projects/Node/application_platform/models/evaluator.js","statementMap":{"0":{"start":{"line":2,"column":18},"end":{"line":2,"column":38}},"1":{"start":{"line":3,"column":0},"end":{"line":28,"column":2}},"2":{"start":{"line":11,"column":6},"end":{"line":11,"column":41}},"3":{"start":{"line":12,"column":6},"end":{"line":12,"column":40}},"4":{"start":{"line":13,"column":6},"end":{"line":13,"column":43}},"5":{"start":{"line":16,"column":2},"end":{"line":26,"column":4}},"6":{"start":{"line":27,"column":2},"end":{"line":27,"column":19}}},"fnMap":{"0":{"name":"(anonymous_0)","decl":{"start":{"line":3,"column":17},"end":{"line":3,"column":18}},"loc":{"start":{"line":3,"column":43},"end":{"line":28,"column":1}},"line":3},"1":{"name":"(anonymous_1)","decl":{"start":{"line":10,"column":4},"end":{"line":10,"column":5}},"loc":{"start":{"line":10,"column":29},"end":{"line":14,"column":5}},"line":10}},"branchMap":{},"s":{"0":1,"1":1,"2":1,"3":1,"4":1,"5":1,"6":1},"f":{"0":1,"1":1},"b":{},"_coverageSchema":"1a1c01bbd47fc00a2c39e90264f33305004495a9","hash":"933c4d4bbd25242ff963e7b6f574f191baae754c"}
,"/home/fawzy/Desktop/Projects/Node/application_platform/models/freeslot.js": {"path":"/home/fawzy/Desktop/Projects/Node/application_platform/models/freeslot.js","statementMap":{"0":{"start":{"line":2,"column":18},"end":{"line":2,"column":38}},"1":{"start":{"line":3,"column":0},"end":{"line":25,"column":2}},"2":{"start":{"line":11,"column":6},"end":{"line":11,"column":43}},"3":{"start":{"line":14,"column":2},"end":{"line":23,"column":4}},"4":{"start":{"line":24,"column":2},"end":{"line":24,"column":18}}},"fnMap":{"0":{"name":"(anonymous_0)","decl":{"start":{"line":3,"column":17},"end":{"line":3,"column":18}},"loc":{"start":{"line":3,"column":43},"end":{"line":25,"column":1}},"line":3},"1":{"name":"(anonymous_1)","decl":{"start":{"line":10,"column":4},"end":{"line":10,"column":5}},"loc":{"start":{"line":10,"column":29},"end":{"line":12,"column":5}},"line":10}},"branchMap":{},"s":{"0":1,"1":1,"2":1,"3":1,"4":1},"f":{"0":1,"1":1},"b":{},"_coverageSchema":"1a1c01bbd47fc00a2c39e90264f33305004495a9","hash":"93f6a493ff29a9bb08bce79e194aa57f52e93321"}
,"/home/fawzy/Desktop/Projects/Node/application_platform/models/index.js": {"path":"/home/fawzy/Desktop/Projects/Node/application_platform/models/index.js","statementMap":{"0":{"start":{"line":3,"column":11},"end":{"line":3,"column":24}},"1":{"start":{"line":4,"column":13},"end":{"line":4,"column":28}},"2":{"start":{"line":5,"column":18},"end":{"line":5,"column":38}},"3":{"start":{"line":6,"column":16},"end":{"line":6,"column":34}},"4":{"start":{"line":7,"column":17},"end":{"line":7,"column":42}},"5":{"start":{"line":8,"column":12},"end":{"line":8,"column":49}},"6":{"start":{"line":9,"column":15},"end":{"line":9,"column":65}},"7":{"start":{"line":10,"column":11},"end":{"line":10,"column":13}},"8":{"start":{"line":13,"column":0},"end":{"line":22,"column":1}},"9":{"start":{"line":14,"column":2},"end":{"line":14,"column":74}},"10":{"start":{"line":16,"column":2},"end":{"line":21,"column":4}},"11":{"start":{"line":24,"column":0},"end":{"line":39,"column":5}},"12":{"start":{"line":26,"column":4},"end":{"line":31,"column":6}},"13":{"start":{"line":34,"column":18},"end":{"line":37,"column":5}},"14":{"start":{"line":38,"column":4},"end":{"line":38,"column":27}},"15":{"start":{"line":41,"column":0},"end":{"line":45,"column":3}},"16":{"start":{"line":42,"column":2},"end":{"line":44,"column":3}},"17":{"start":{"line":43,"column":4},"end":{"line":43,"column":32}},"18":{"start":{"line":47,"column":0},"end":{"line":47,"column":25}},"19":{"start":{"line":48,"column":0},"end":{"line":48,"column":25}},"20":{"start":{"line":50,"column":0},"end":{"line":50,"column":20}}},"fnMap":{"0":{"name":"(anonymous_0)","decl":{"start":{"line":25,"column":10},"end":{"line":25,"column":11}},"loc":{"start":{"line":25,"column":20},"end":{"line":32,"column":3}},"line":25},"1":{"name":"(anonymous_1)","decl":{"start":{"line":33,"column":11},"end":{"line":33,"column":12}},"loc":{"start":{"line":33,"column":21},"end":{"line":39,"column":3}},"line":33},"2":{"name":"(anonymous_2)","decl":{"start":{"line":41,"column":24},"end":{"line":41,"column":25}},"loc":{"start":{"line":41,"column":39},"end":{"line":45,"column":1}},"line":41}},"branchMap":{"0":{"loc":{"start":{"line":8,"column":12},"end":{"line":8,"column":49}},"type":"binary-expr","locations":[{"start":{"line":8,"column":12},"end":{"line":8,"column":32}},{"start":{"line":8,"column":36},"end":{"line":8,"column":49}}],"line":8},"1":{"loc":{"start":{"line":13,"column":0},"end":{"line":22,"column":1}},"type":"if","locations":[{"start":{"line":13,"column":0},"end":{"line":22,"column":1}},{"start":{"line":15,"column":7},"end":{"line":22,"column":1}}],"line":13},"2":{"loc":{"start":{"line":27,"column":6},"end":{"line":30,"column":37}},"type":"binary-expr","locations":[{"start":{"line":27,"column":6},"end":{"line":27,"column":29}},{"start":{"line":28,"column":6},"end":{"line":28,"column":23}},{"start":{"line":29,"column":6},"end":{"line":29,"column":30}},{"start":{"line":30,"column":6},"end":{"line":30,"column":37}}],"line":27},"3":{"loc":{"start":{"line":42,"column":2},"end":{"line":44,"column":3}},"type":"if","locations":[{"start":{"line":42,"column":2},"end":{"line":44,"column":3}},{"start":{},"end":{}}],"line":42}},"s":{"0":1,"1":1,"2":1,"3":1,"4":1,"5":1,"6":1,"7":1,"8":1,"9":0,"10":1,"11":1,"12":13,"13":12,"14":12,"15":1,"16":12,"17":12,"18":1,"19":1,"20":1},"f":{"0":13,"1":12,"2":12},"b":{"0":[1,0],"1":[0,1],"2":[13,13,12,12],"3":[12,0]},"_coverageSchema":"1a1c01bbd47fc00a2c39e90264f33305004495a9","hash":"33595df909d7e98de8beca0a0cc57a8c71af335e"}
,"/home/fawzy/Desktop/Projects/Node/application_platform/models/invitation.js": {"path":"/home/fawzy/Desktop/Projects/Node/application_platform/models/invitation.js","statementMap":{"0":{"start":{"line":2,"column":18},"end":{"line":2,"column":38}},"1":{"start":{"line":3,"column":0},"end":{"line":28,"column":2}},"2":{"start":{"line":11,"column":6},"end":{"line":11,"column":45}},"3":{"start":{"line":12,"column":6},"end":{"line":12,"column":45}},"4":{"start":{"line":15,"column":2},"end":{"line":26,"column":4}},"5":{"start":{"line":27,"column":2},"end":{"line":27,"column":20}}},"fnMap":{"0":{"name":"(anonymous_0)","decl":{"start":{"line":3,"column":17},"end":{"line":3,"column":18}},"loc":{"start":{"line":3,"column":43},"end":{"line":28,"column":1}},"line":3},"1":{"name":"(anonymous_1)","decl":{"start":{"line":10,"column":4},"end":{"line":10,"column":5}},"loc":{"start":{"line":10,"column":29},"end":{"line":13,"column":5}},"line":10}},"branchMap":{},"s":{"0":1,"1":1,"2":1,"3":1,"4":1,"5":1},"f":{"0":1,"1":1},"b":{},"_coverageSchema":"1a1c01bbd47fc00a2c39e90264f33305004495a9","hash":"0b4a6e32a4c302a19d9acded7c663d6ca237515e"}
,"/home/fawzy/Desktop/Projects/Node/application_platform/models/like.js": {"path":"/home/fawzy/Desktop/Projects/Node/application_platform/models/like.js","statementMap":{"0":{"start":{"line":2,"column":18},"end":{"line":2,"column":38}},"1":{"start":{"line":3,"column":0},"end":{"line":26,"column":2}},"2":{"start":{"line":11,"column":6},"end":{"line":11,"column":37}},"3":{"start":{"line":12,"column":6},"end":{"line":12,"column":37}},"4":{"start":{"line":15,"column":2},"end":{"line":24,"column":4}},"5":{"start":{"line":25,"column":2},"end":{"line":25,"column":14}}},"fnMap":{"0":{"name":"(anonymous_0)","decl":{"start":{"line":3,"column":17},"end":{"line":3,"column":18}},"loc":{"start":{"line":3,"column":43},"end":{"line":26,"column":1}},"line":3},"1":{"name":"(anonymous_1)","decl":{"start":{"line":10,"column":4},"end":{"line":10,"column":5}},"loc":{"start":{"line":10,"column":29},"end":{"line":13,"column":5}},"line":10}},"branchMap":{},"s":{"0":1,"1":1,"2":1,"3":1,"4":1,"5":1},"f":{"0":1,"1":1},"b":{},"_coverageSchema":"1a1c01bbd47fc00a2c39e90264f33305004495a9","hash":"66f5d4605751ccbc0d1326d2a3d462ed1c47e6ea"}
,"/home/fawzy/Desktop/Projects/Node/application_platform/models/note.js": {"path":"/home/fawzy/Desktop/Projects/Node/application_platform/models/note.js","statementMap":{"0":{"start":{"line":2,"column":18},"end":{"line":2,"column":38}},"1":{"start":{"line":3,"column":0},"end":{"line":27,"column":2}},"2":{"start":{"line":11,"column":6},"end":{"line":11,"column":37}},"3":{"start":{"line":12,"column":6},"end":{"line":12,"column":35}},"4":{"start":{"line":15,"column":2},"end":{"line":25,"column":4}},"5":{"start":{"line":26,"column":2},"end":{"line":26,"column":14}}},"fnMap":{"0":{"name":"(anonymous_0)","decl":{"start":{"line":3,"column":17},"end":{"line":3,"column":18}},"loc":{"start":{"line":3,"column":43},"end":{"line":27,"column":1}},"line":3},"1":{"name":"(anonymous_1)","decl":{"start":{"line":10,"column":4},"end":{"line":10,"column":5}},"loc":{"start":{"line":10,"column":29},"end":{"line":13,"column":5}},"line":10}},"branchMap":{},"s":{"0":1,"1":1,"2":1,"3":1,"4":1,"5":1},"f":{"0":1,"1":1},"b":{},"_coverageSchema":"1a1c01bbd47fc00a2c39e90264f33305004495a9","hash":"1d321a5a8b57ee702140aeab2fd48583fbd32288"}
,"/home/fawzy/Desktop/Projects/Node/application_platform/models/session.js": {"path":"/home/fawzy/Desktop/Projects/Node/application_platform/models/session.js","statementMap":{"0":{"start":{"line":2,"column":18},"end":{"line":2,"column":38}},"1":{"start":{"line":3,"column":0},"end":{"line":28,"column":2}},"2":{"start":{"line":11,"column":6},"end":{"line":11,"column":42}},"3":{"start":{"line":12,"column":6},"end":{"line":12,"column":42}},"4":{"start":{"line":15,"column":2},"end":{"line":26,"column":4}},"5":{"start":{"line":27,"column":2},"end":{"line":27,"column":17}}},"fnMap":{"0":{"name":"(anonymous_0)","decl":{"start":{"line":3,"column":17},"end":{"line":3,"column":18}},"loc":{"start":{"line":3,"column":43},"end":{"line":28,"column":1}},"line":3},"1":{"name":"(anonymous_1)","decl":{"start":{"line":10,"column":4},"end":{"line":10,"column":5}},"loc":{"start":{"line":10,"column":29},"end":{"line":13,"column":5}},"line":10}},"branchMap":{},"s":{"0":1,"1":1,"2":1,"3":1,"4":1,"5":1},"f":{"0":1,"1":1},"b":{},"_coverageSchema":"1a1c01bbd47fc00a2c39e90264f33305004495a9","hash":"50600c72edd8b527cf8dd7baef587bab017526d3"}
,"/home/fawzy/Desktop/Projects/Node/application_platform/models/startup.js": {"path":"/home/fawzy/Desktop/Projects/Node/application_platform/models/startup.js","statementMap":{"0":{"start":{"line":2,"column":18},"end":{"line":2,"column":38}},"1":{"start":{"line":3,"column":0},"end":{"line":30,"column":2}},"2":{"start":{"line":11,"column":6},"end":{"line":11,"column":42}},"3":{"start":{"line":12,"column":6},"end":{"line":12,"column":38}},"4":{"start":{"line":13,"column":6},"end":{"line":13,"column":35}},"5":{"start":{"line":14,"column":6},"end":{"line":14,"column":35}},"6":{"start":{"line":17,"column":2},"end":{"line":28,"column":4}},"7":{"start":{"line":29,"column":2},"end":{"line":29,"column":17}}},"fnMap":{"0":{"name":"(anonymous_0)","decl":{"start":{"line":3,"column":17},"end":{"line":3,"column":18}},"loc":{"start":{"line":3,"column":43},"end":{"line":30,"column":1}},"line":3},"1":{"name":"(anonymous_1)","decl":{"start":{"line":10,"column":4},"end":{"line":10,"column":5}},"loc":{"start":{"line":10,"column":29},"end":{"line":15,"column":5}},"line":10}},"branchMap":{},"s":{"0":1,"1":1,"2":1,"3":1,"4":1,"5":1,"6":1,"7":1},"f":{"0":1,"1":1},"b":{},"_coverageSchema":"1a1c01bbd47fc00a2c39e90264f33305004495a9","hash":"936f72c390dbac498ff5b28d0a9fea9cb7b3ffea"}
,"/home/fawzy/Desktop/Projects/Node/application_platform/routes/citizen.route.js": {"path":"/home/fawzy/Desktop/Projects/Node/application_platform/routes/citizen.route.js","statementMap":{"0":{"start":{"line":1,"column":16},"end":{"line":1,"column":34}},"1":{"start":{"line":2,"column":30},"end":{"line":2,"column":88}},"2":{"start":{"line":3,"column":30},"end":{"line":3,"column":74}},"3":{"start":{"line":4,"column":26},"end":{"line":4,"column":71}},"4":{"start":{"line":5,"column":20},"end":{"line":5,"column":68}},"5":{"start":{"line":7,"column":15},"end":{"line":7,"column":31}},"6":{"start":{"line":11,"column":0},"end":{"line":16,"column":2}},"7":{"start":{"line":22,"column":0},"end":{"line":22,"column":24}}},"fnMap":{},"branchMap":{},"s":{"0":1,"1":1,"2":1,"3":1,"4":1,"5":1,"6":1,"7":1},"f":{},"b":{},"_coverageSchema":"1a1c01bbd47fc00a2c39e90264f33305004495a9","hash":"480868a728d0b093f3772dd28fc3824a6e460514"}
,"/home/fawzy/Desktop/Projects/Node/application_platform/schema/citizen/register.schema.js": {"path":"/home/fawzy/Desktop/Projects/Node/application_platform/schema/citizen/register.schema.js","statementMap":{"0":{"start":{"line":1,"column":17},"end":{"line":1,"column":45}},"1":{"start":{"line":3,"column":15},"end":{"line":13,"column":1}},"2":{"start":{"line":15,"column":0},"end":{"line":15,"column":24}}},"fnMap":{},"branchMap":{},"s":{"0":1,"1":1,"2":1},"f":{},"b":{},"_coverageSchema":"1a1c01bbd47fc00a2c39e90264f33305004495a9","hash":"01c6ad4bf83eb3ae61d7199fa5922fd13a45fcb3"}
,"/home/fawzy/Desktop/Projects/Node/application_platform/services/citizen.service.js": {"path":"/home/fawzy/Desktop/Projects/Node/application_platform/services/citizen.service.js","statementMap":{"0":{"start":{"line":1,"column":20},"end":{"line":1,"column":40}},"1":{"start":{"line":2,"column":15},"end":{"line":2,"column":32}},"2":{"start":{"line":3,"column":12},"end":{"line":3,"column":35}},"3":{"start":{"line":5,"column":0},"end":{"line":27,"column":2}},"4":{"start":{"line":7,"column":2},"end":{"line":26,"column":3}},"5":{"start":{"line":9,"column":23},"end":{"line":9,"column":77}},"6":{"start":{"line":12,"column":4},"end":{"line":23,"column":5}},"7":{"start":{"line":13,"column":6},"end":{"line":13,"column":57}},"8":{"start":{"line":15,"column":27},"end":{"line":15,"column":62}},"9":{"start":{"line":16,"column":6},"end":{"line":16,"column":54}},"10":{"start":{"line":17,"column":23},"end":{"line":21,"column":8}},"11":{"start":{"line":22,"column":6},"end":{"line":22,"column":24}},"12":{"start":{"line":25,"column":4},"end":{"line":25,"column":16}},"13":{"start":{"line":29,"column":0},"end":{"line":51,"column":2}},"14":{"start":{"line":31,"column":2},"end":{"line":50,"column":3}},"15":{"start":{"line":33,"column":25},"end":{"line":33,"column":79}},"16":{"start":{"line":36,"column":4},"end":{"line":47,"column":5}},"17":{"start":{"line":37,"column":6},"end":{"line":37,"column":66}},"18":{"start":{"line":39,"column":26},"end":{"line":39,"column":79}},"19":{"start":{"line":40,"column":6},"end":{"line":42,"column":7}},"20":{"start":{"line":41,"column":8},"end":{"line":41,"column":71}},"21":{"start":{"line":43,"column":18},"end":{"line":45,"column":8}},"22":{"start":{"line":46,"column":6},"end":{"line":46,"column":19}},"23":{"start":{"line":49,"column":4},"end":{"line":49,"column":16}}},"fnMap":{"0":{"name":"(anonymous_0)","decl":{"start":{"line":5,"column":19},"end":{"line":5,"column":20}},"loc":{"start":{"line":5,"column":34},"end":{"line":27,"column":1}},"line":5},"1":{"name":"(anonymous_1)","decl":{"start":{"line":29,"column":17},"end":{"line":29,"column":18}},"loc":{"start":{"line":29,"column":32},"end":{"line":51,"column":1}},"line":29}},"branchMap":{"0":{"loc":{"start":{"line":12,"column":4},"end":{"line":23,"column":5}},"type":"if","locations":[{"start":{"line":12,"column":4},"end":{"line":23,"column":5}},{"start":{"line":14,"column":11},"end":{"line":23,"column":5}}],"line":12},"1":{"loc":{"start":{"line":36,"column":4},"end":{"line":47,"column":5}},"type":"if","locations":[{"start":{"line":36,"column":4},"end":{"line":47,"column":5}},{"start":{"line":38,"column":11},"end":{"line":47,"column":5}}],"line":36},"2":{"loc":{"start":{"line":40,"column":6},"end":{"line":42,"column":7}},"type":"if","locations":[{"start":{"line":40,"column":6},"end":{"line":42,"column":7}},{"start":{},"end":{}}],"line":40}},"s":{"0":1,"1":1,"2":1,"3":1,"4":1,"5":1,"6":1,"7":1,"8":0,"9":0,"10":0,"11":0,"12":1,"13":1,"14":0,"15":0,"16":0,"17":0,"18":0,"19":0,"20":0,"21":0,"22":0,"23":0},"f":{"0":1,"1":0},"b":{"0":[1,0],"1":[0,0],"2":[0,0]},"_coverageSchema":"1a1c01bbd47fc00a2c39e90264f33305004495a9","hash":"1c22cb6dee6590423b6eda855d0f5babd4031d85"}
}
